# DO NOT EDIT THIS FILE. IT HAS BEEN AUTOMATICALLY GENERATED.
# This file contains the list of files installed by MCEF.
# If you remove MCEF, they are no longer needed and you can safely remove them,
# or you can let the uninstaller do it for you. Just run the MCEF mod jar using Java.

d3dcompiler_43.dll
d3dcompiler_47.dll
jcef.dll
jcef_helper.exe
libcef.dll
libEGL.dll
libGLESv2.dll
locales.zip
snapshot_blob.bin
cef.pak
cef_100_percent.pak
cef_200_percent.pak
cef_extensions.pak
natives_blob.bin
icudtl.dat
devtools_resources.pak
MCEFLocales/am.pak
MCEFLocales/ar.pak
MCEFLocales/bg.pak
MCEFLocales/bn.pak
MCEFLocales/ca.pak
MCEFLocales/cs.pak
MCEFLocales/da.pak
MCEFLocales/de.pak
MCEFLocales/el.pak
MCEFLocales/en-GB.pak
MCEFLocales/en-US.pak
MCEFLocales/es-419.pak
MCEFLocales/es.pak
MCEFLocales/et.pak
MCEFLocales/fa.pak
MCEFLocales/fi.pak
MCEFLocales/fil.pak
MCEFLocales/fr.pak
MCEFLocales/gu.pak
MCEFLocales/he.pak
MCEFLocales/hi.pak
MCEFLocales/hr.pak
MCEFLocales/hu.pak
MCEFLocales/id.pak
MCEFLocales/it.pak
MCEFLocales/ja.pak
MCEFLocales/kn.pak
MCEFLocales/ko.pak
MCEFLocales/lt.pak
MCEFLocales/lv.pak
MCEFLocales/ml.pak
MCEFLocales/mr.pak
MCEFLocales/ms.pak
MCEFLocales/nb.pak
MCEFLocales/nl.pak
MCEFLocales/pl.pak
MCEFLocales/pt-BR.pak
MCEFLocales/pt-PT.pak
MCEFLocales/ro.pak
MCEFLocales/ru.pak
MCEFLocales/sk.pak
MCEFLocales/sl.pak
MCEFLocales/sr.pak
MCEFLocales/sv.pak
MCEFLocales/sw.pak
MCEFLocales/ta.pak
MCEFLocales/te.pak
MCEFLocales/th.pak
MCEFLocales/tr.pak
MCEFLocales/uk.pak
MCEFLocales/vi.pak
MCEFLocales/zh-CN.pak
MCEFLocales/zh-TW.pak
MCEFLocales
